{"logLevel":"debug","message":"multithreading is set to false"}
{"logLevel":"debug","message":"Using reflection to scan dependencies for gauge implementations..."}
{"logLevel":"debug","message":"gauge-java took 891milliseconds to load and scan. This should be less than 'runner_connection_timeout' config value."}
{"logLevel":"debug","message":"run 'gauge config runner_connection_timeout' and verify that it is < 891"}
{"logLevel":"debug","message":"starting gRPC server..."}
{"logLevel":"debug","message":"started gRPC server on port 55317"}
{"logLevel":"info","message":"Listening on port:55317"}
1522 [pool-1-thread-1] INFO org.reflections.Reflections - Reflections took 1522 ms to scan 95 urls, producing 11057 keys and 58911 values
{"logLevel":"debug","message":"Scanning packages for steps"}
{"logLevel":"debug","message":"Comparing 'com.obilet.steps.StepImplementation.clickElement' and 'com.obilet.steps.StepImplementation.clickElement'"}
{"logLevel":"debug","message":"Found Elementine tıkla {} in current project scope."}
{"logLevel":"debug","message":"Comparing 'com.obilet.steps.StepImplementation.findElementEx' and 'com.obilet.steps.StepImplementation.findElementEx'"}
{"logLevel":"debug","message":"Found Elementini kontrol et {} in current project scope."}
{"logLevel":"debug","message":"Scanning packages for hooks"}
{"logLevel":"debug","message":"Scanned steps (using static parsing + reflections): "}
{"logLevel":"debug","message":"\tElementini kontrol et {} : public void findElementEx(String elementID)"}
{"logLevel":"debug","message":"\tElementine tıkla {} : public void clickElement(String elementID)"}
2846 [pool-2-thread-1] INFO org.reflections.Reflections - Reflections took 865 ms to scan 95 urls, producing 10958 keys and 49692 values
Ara 09, 2023 6:31:37 PM io.appium.java_client.remote.AppiumCommandExecutor$1 lambda$0
INFO: Detected dialect: W3C
{"logLevel":"debug","message":"Executing 'Elementini kontrol et {}' using 'class com.obilet.steps.StepImplementation.findElementEx"}
{"logLevel":"debug","message":"Killing Java runner..."}
{"logLevel":"debug","message":"Stopping execution pool..."}
{"logLevel":"debug","message":"Shutting down grpc server..."}
{"logLevel":"debug","message":"Runner killed gracefully."}
