{"logLevel":"debug","message":"multithreading is set to false"}
{"logLevel":"debug","message":"Using reflection to scan dependencies for gauge implementations..."}
{"logLevel":"debug","message":"gauge-java took 471milliseconds to load and scan. This should be less than 'runner_connection_timeout' config value."}
{"logLevel":"debug","message":"run 'gauge config runner_connection_timeout' and verify that it is < 471"}
{"logLevel":"debug","message":"starting gRPC server..."}
{"logLevel":"debug","message":"started gRPC server on port 55057"}
{"logLevel":"info","message":"Listening on port:55057"}
2384 [pool-1-thread-1] INFO org.reflections.Reflections - Reflections took 2379 ms to scan 99 urls, producing 11173 keys and 59071 values 
{"logLevel":"debug","message":"Scanning packages for steps"}
{"logLevel":"debug","message":"Comparing 'com.obilet.steps.StepImplementation.selectRandomDateTest' and 'com.obilet.steps.StepImplementation.selectRandomDateTest'"}
{"logLevel":"debug","message":"Found Random bir tarih seçilir Test in current project scope."}
{"logLevel":"debug","message":"Comparing 'com.obilet.steps.StepImplementation.sendKeysToElement' and 'com.obilet.steps.StepImplementation.sendKeysToElement'"}
{"logLevel":"debug","message":"Found {} tipindeki elemente {} değeri yazılır {} in current project scope."}
{"logLevel":"debug","message":"Comparing 'com.obilet.steps.StepImplementation.selectRandomDate' and 'com.obilet.steps.StepImplementation.selectRandomDate'"}
{"logLevel":"debug","message":"Found Random bir tarih seçilir in current project scope."}
{"logLevel":"debug","message":"Comparing 'com.obilet.steps.StepImplementation.sendKeysToElementAndClick' and 'com.obilet.steps.StepImplementation.sendKeysToElementAndClick'"}
{"logLevel":"debug","message":"Found {} tipindeki elemente tıklanır ve {} değeri yazılır {} in current project scope."}
{"logLevel":"debug","message":"Comparing 'com.obilet.steps.StepImplementation.isElementExist' and 'com.obilet.steps.StepImplementation.isElementExist'"}
{"logLevel":"debug","message":"Found {} tipindeki elementin ekranda bulunduğunu kontrol edilir {} in current project scope."}
{"logLevel":"debug","message":"Comparing 'com.obilet.steps.StepImplementation.waitFor' and 'com.obilet.steps.StepImplementation.waitFor'"}
{"logLevel":"debug","message":"Found {} saniye beklenir in current project scope."}
{"logLevel":"debug","message":"Comparing 'com.obilet.steps.StepImplementation.findElementOnNewPage' and 'com.obilet.steps.StepImplementation.findElementOnNewPage'"}
{"logLevel":"debug","message":"Found {} tipindeki element ile geçiş yapılan sayfada olduğunu kontrol edilir {} in current project scope."}
{"logLevel":"debug","message":"Comparing 'com.obilet.steps.StepImplementation.clickElement' and 'com.obilet.steps.StepImplementation.clickElement'"}
{"logLevel":"debug","message":"Found {} tipindeki elemente tıklanır {} in current project scope."}
{"logLevel":"debug","message":"Scanning packages for hooks"}
{"logLevel":"debug","message":"Scanned steps (using static parsing + reflections): "}
{"logLevel":"debug","message":"\t{} tipindeki element ile geçiş yapılan sayfada olduğunu kontrol edilir {} : public void findElementOnNewPage(String type, String elementLocator)"}
{"logLevel":"debug","message":"\tRandom bir tarih seçilir : public void selectRandomDate()"}
{"logLevel":"debug","message":"\t{} tipindeki elemente {} değeri yazılır {} : public void sendKeysToElement(String type, String text, String elementLocator)"}
{"logLevel":"debug","message":"\t{} tipindeki elemente tıklanır ve {} değeri yazılır {} : public void sendKeysToElementAndClick(String type, String elementLocator, String text)"}
{"logLevel":"debug","message":"\t{} saniye beklenir : public void waitFor(ınt second)"}
{"logLevel":"debug","message":"\t{} tipindeki elemente tıklanır {} : public void clickElement(String type, String elementLocator)"}
{"logLevel":"debug","message":"\tRandom bir tarih seçilir Test : public void selectRandomDateTest()"}
{"logLevel":"debug","message":"\t{} tipindeki elementin ekranda bulunduğunu kontrol edilir {} : public void isElementExist(String type, String elementLocator)"}
4085 [pool-2-thread-1] INFO org.reflections.Reflections - Reflections took 1662 ms to scan 99 urls, producing 11078 keys and 50107 values 
Driver Ayağa Kalkıyor...
Ara 09, 2023 11:29:23 PM io.appium.java_client.remote.AppiumCommandExecutor$1 lambda$0
INFO: Detected dialect: W3C
{"logLevel":"debug","message":"Executing '{} tipindeki elementin ekranda bulunduğunu kontrol edilir {}' using 'class com.obilet.steps.StepImplementation.isElementExist"}
{"logLevel":"debug","message":"Executing '{} tipindeki elemente tıklanır {}' using 'class com.obilet.steps.StepImplementation.clickElement"}
{"logLevel":"debug","message":"Executing '{} tipindeki elementin ekranda bulunduğunu kontrol edilir {}' using 'class com.obilet.steps.StepImplementation.isElementExist"}
{"logLevel":"debug","message":"Executing '{} tipindeki elementin ekranda bulunduğunu kontrol edilir {}' using 'class com.obilet.steps.StepImplementation.isElementExist"}
{"logLevel":"debug","message":"Executing '{} tipindeki elemente tıklanır {}' using 'class com.obilet.steps.StepImplementation.clickElement"}
{"logLevel":"debug","message":"Executing '{} tipindeki elemente {} değeri yazılır {}' using 'class com.obilet.steps.StepImplementation.sendKeysToElement"}
{"logLevel":"debug","message":"Executing '{} tipindeki elemente tıklanır {}' using 'class com.obilet.steps.StepImplementation.clickElement"}
{"logLevel":"debug","message":"Executing '{} tipindeki elemente tıklanır {}' using 'class com.obilet.steps.StepImplementation.clickElement"}
{"logLevel":"debug","message":"Executing '{} tipindeki elemente {} değeri yazılır {}' using 'class com.obilet.steps.StepImplementation.sendKeysToElement"}
{"logLevel":"debug","message":"Executing '{} tipindeki elemente tıklanır {}' using 'class com.obilet.steps.StepImplementation.clickElement"}
{"logLevel":"debug","message":"Executing '{} tipindeki elemente tıklanır {}' using 'class com.obilet.steps.StepImplementation.clickElement"}
{"logLevel":"debug","message":"Killing Java runner..."}
{"logLevel":"debug","message":"Stopping execution pool..."}
{"logLevel":"debug","message":"Shutting down grpc server..."}
{"logLevel":"debug","message":"Runner killed gracefully."}
